<?xml version="1.0" encoding="UTF-8"?>
<!-- Generated by org.testng.reporters.JUnitReportReporter -->
<testsuite skipped="0" hostname="DESKTOP-RKKVMSN" name="pageAction.facebookmav" tests="1" failures="0" timestamp="28 Sep 2018 05:27:56 GMT" time="37.480" errors="0">
  <testcase name="Launch" time="37.480" classname="pageAction.facebookmav"/>
</testsuite> <!-- pageAction.facebookmav -->
