<?xml version="1.0" encoding="UTF-8"?>
<!-- Generated by org.testng.reporters.JUnitReportReporter -->
<testsuite skipped="0" hostname="DESKTOP-RKKVMSN" name="pageAction.facebookmav" tests="1" failures="0" timestamp="18 Sep 2018 04:33:00 GMT" time="17.062" errors="0">
  <testcase name="Launch" time="17.062" classname="pageAction.facebookmav"/>
</testsuite> <!-- pageAction.facebookmav -->
